# JRE version: OpenJDK Runtime Environment (8.0_162-b12) (build 1.8.0_162-b12)
# Java VM: OpenJDK 64-Bit Server VM (25.162-b12 mixed mode linux-amd64 compressed oops)
Heap:
 PSYoungGen      total 129536K, used 64K [0x00000000d7100000, 0x00000000df200000, 0x0000000100000000)
  eden space 126976K, 0% used [0x00000000d7100000,0x00000000d7100000,0x00000000ded00000)
  from space 2560K, 2% used [0x00000000ded00000,0x00000000ded10000,0x00000000def80000)
  to   space 2560K, 0% used [0x00000000def80000,0x00000000def80000,0x00000000df200000)
 ParOldGen       total 84992K, used 1240K [0x0000000085200000, 0x000000008a500000, 0x00000000d7100000)
  object space 84992K, 1% used [0x0000000085200000,0x0000000085336258,0x000000008a500000)
 Metaspace       used 4428K, capacity 4856K, committed 5120K, reserved 1056768K
  class space    used 481K, capacity 496K, committed 512K, reserved 1048576K
GC Heap History (10 events):
Event: 0,869 GC heap after
Heap after GC invocations=4 (full 0):
 PSYoungGen      total 36864K, used 1544K [0x00000000d7100000, 0x00000000db900000, 0x0000000100000000)
  eden space 31744K, 0% used [0x00000000d7100000,0x00000000d7100000,0x00000000d9000000)
  from space 5120K, 30% used [0x00000000d9500000,0x00000000d96821d8,0x00000000d9a00000)
  to   space 5120K, 0% used [0x00000000d9000000,0x00000000d9000000,0x00000000d9500000)
 ParOldGen       total 84992K, used 32K [0x0000000085200000, 0x000000008a500000, 0x00000000d7100000)
  object space 84992K, 0% used [0x0000000085200000,0x0000000085208000,0x000000008a500000)
 Metaspace       used 4368K, capacity 4856K, committed 5120K, reserved 1056768K
  class space    used 481K, capacity 496K, committed 512K, reserved 1048576K
}
Event: 0,943 GC heap before
{Heap before GC invocations=5 (full 0):
 PSYoungGen      total 36864K, used 33288K [0x00000000d7100000, 0x00000000db900000, 0x0000000100000000)
  eden space 31744K, 100% used [0x00000000d7100000,0x00000000d9000000,0x00000000d9000000)
  from space 5120K, 30% used [0x00000000d9500000,0x00000000d96821d8,0x00000000d9a00000)
  to   space 5120K, 0% used [0x00000000d9000000,0x00000000d9000000,0x00000000d9500000)
 ParOldGen       total 84992K, used 32K [0x0000000085200000, 0x000000008a500000, 0x00000000d7100000)
  object space 84992K, 0% used [0x0000000085200000,0x0000000085208000,0x000000008a500000)
 Metaspace       used 4372K, capacity 4856K, committed 5120K, reserved 1056768K
  class space    used 481K, capacity 496K, committed 512K, reserved 1048576K
Event: 0,946 GC heap after
Heap after GC invocations=5 (full 0):
 PSYoungGen      total 36864K, used 1328K [0x00000000d7100000, 0x00000000db400000, 0x0000000100000000)
  eden space 31744K, 0% used [0x00000000d7100000,0x00000000d7100000,0x00000000d9000000)
  from space 5120K, 25% used [0x00000000d9000000,0x00000000d914c010,0x00000000d9500000)
  to   space 2560K, 0% used [0x00000000db180000,0x00000000db180000,0x00000000db400000)
 ParOldGen       total 84992K, used 40K [0x0000000085200000, 0x000000008a500000, 0x00000000d7100000)
  object space 84992K, 0% used [0x0000000085200000,0x000000008520a000,0x000000008a500000)
 Metaspace       used 4372K, capacity 4856K, committed 5120K, reserved 1056768K
  class space    used 481K, capacity 496K, committed 512K, reserved 1048576K
}
Event: 1,039 GC heap before
{Heap before GC invocations=6 (full 0):
 PSYoungGen      total 36864K, used 33072K [0x00000000d7100000, 0x00000000db400000, 0x0000000100000000)
  eden space 31744K, 100% used [0x00000000d7100000,0x00000000d9000000,0x00000000d9000000)
  from space 5120K, 25% used [0x00000000d9000000,0x00000000d914c010,0x00000000d9500000)
  to   space 2560K, 0% used [0x00000000db180000,0x00000000db180000,0x00000000db400000)
 ParOldGen       total 84992K, used 40K [0x0000000085200000, 0x000000008a500000, 0x00000000d7100000)
  object space 84992K, 0% used [0x0000000085200000,0x000000008520a000,0x000000008a500000)
 Metaspace       used 4410K, capacity 4856K, committed 5120K, reserved 1056768K
  class space    used 481K, capacity 496K, committed 512K, reserved 1048576K
Event: 1,042 GC heap after
Heap after GC invocations=6 (full 0):
 PSYoungGen      total 66048K, used 1216K [0x00000000d7100000, 0x00000000db400000, 0x0000000100000000)
  eden space 63488K, 0% used [0x00000000d7100000,0x00000000d7100000,0x00000000daf00000)
  from space 2560K, 47% used [0x00000000db180000,0x00000000db2b0020,0x00000000db400000)
  to   space 2560K, 0% used [0x00000000daf00000,0x00000000daf00000,0x00000000db180000)
 ParOldGen       total 84992K, used 48K [0x0000000085200000, 0x000000008a500000, 0x00000000d7100000)
  object space 84992K, 0% used [0x0000000085200000,0x000000008520c000,0x000000008a500000)
 Metaspace       used 4410K, capacity 4856K, committed 5120K, reserved 1056768K
  class space    used 481K, capacity 496K, committed 512K, reserved 1048576K
}
Event: 1,192 GC heap before
{Heap before GC invocations=7 (full 0):
 PSYoungGen      total 66048K, used 64704K [0x00000000d7100000, 0x00000000db400000, 0x0000000100000000)
  eden space 63488K, 100% used [0x00000000d7100000,0x00000000daf00000,0x00000000daf00000)
  from space 2560K, 47% used [0x00000000db180000,0x00000000db2b0020,0x00000000db400000)
  to   space 2560K, 0% used [0x00000000daf00000,0x00000000daf00000,0x00000000db180000)
 ParOldGen       total 84992K, used 48K [0x0000000085200000, 0x000000008a500000, 0x00000000d7100000)
  object space 84992K, 0% used [0x0000000085200000,0x000000008520c000,0x000000008a500000)
 Metaspace       used 4426K, capacity 4856K, committed 5120K, reserved 1056768K
  class space    used 481K, capacity 496K, committed 512K, reserved 1048576K
Event: 1,197 GC heap after
Heap after GC invocations=7 (full 0):
 PSYoungGen      total 66048K, used 608K [0x00000000d7100000, 0x00000000df200000, 0x0000000100000000)
  eden space 63488K, 0% used [0x00000000d7100000,0x00000000d7100000,0x00000000daf00000)
  from space 2560K, 23% used [0x00000000daf00000,0x00000000daf98000,0x00000000db180000)
  to   space 2560K, 0% used [0x00000000def80000,0x00000000def80000,0x00000000df200000)
 ParOldGen       total 84992K, used 688K [0x0000000085200000, 0x000000008a500000, 0x00000000d7100000)
  object space 84992K, 0% used [0x0000000085200000,0x00000000852ac0b0,0x000000008a500000)
 Metaspace       used 4426K, capacity 4856K, committed 5120K, reserved 1056768K
  class space    used 481K, capacity 496K, committed 512K, reserved 1048576K
}
Event: 1,321 GC heap before
{Heap before GC invocations=8 (full 0):
 PSYoungGen      total 66048K, used 64096K [0x00000000d7100000, 0x00000000df200000, 0x0000000100000000)
  eden space 63488K, 100% used [0x00000000d7100000,0x00000000daf00000,0x00000000daf00000)
  from space 2560K, 23% used [0x00000000daf00000,0x00000000daf98000,0x00000000db180000)
  to   space 2560K, 0% used [0x00000000def80000,0x00000000def80000,0x00000000df200000)
 ParOldGen       total 84992K, used 688K [0x0000000085200000, 0x000000008a500000, 0x00000000d7100000)
  object space 84992K, 0% used [0x0000000085200000,0x00000000852ac0b0,0x000000008a500000)
 Metaspace       used 4428K, capacity 4856K, committed 5120K, reserved 1056768K
  class space    used 481K, capacity 496K, committed 512K, reserved 1048576K
Event: 1,324 GC heap after
Heap after GC invocations=8 (full 0):
 PSYoungGen      total 129536K, used 544K [0x00000000d7100000, 0x00000000df200000, 0x0000000100000000)
  eden space 126976K, 0% used [0x00000000d7100000,0x00000000d7100000,0x00000000ded00000)
  from space 2560K, 21% used [0x00000000def80000,0x00000000df008000,0x00000000df200000)
  to   space 2560K, 0% used [0x00000000ded00000,0x00000000ded00000,0x00000000def80000)
 ParOldGen       total 84992K, used 696K [0x0000000085200000, 0x000000008a500000, 0x00000000d7100000)
  object space 84992K, 0% used [0x0000000085200000,0x00000000852ae0b0,0x000000008a500000)
 Metaspace       used 4428K, capacity 4856K, committed 5120K, reserved 1056768K
  class space    used 481K, capacity 496K, committed 512K, reserved 1048576K
}
Event: 1,569 GC heap before
{Heap before GC invocations=9 (full 0):
 PSYoungGen      total 129536K, used 127520K [0x00000000d7100000, 0x00000000df200000, 0x0000000100000000)
  eden space 126976K, 100% used [0x00000000d7100000,0x00000000ded00000,0x00000000ded00000)
  from space 2560K, 21% used [0x00000000def80000,0x00000000df008000,0x00000000df200000)
  to   space 2560K, 0% used [0x00000000ded00000,0x00000000ded00000,0x00000000def80000)
 ParOldGen       total 84992K, used 696K [0x0000000085200000, 0x000000008a500000, 0x00000000d7100000)
  object space 84992K, 0% used [0x0000000085200000,0x00000000852ae0b0,0x000000008a500000)
 Metaspace       used 4428K, capacity 4856K, committed 5120K, reserved 1056768K
  class space    used 481K, capacity 496K, committed 512K, reserved 1048576K

